<?xml version="1.0" encoding="UTF-8"?>
<!-- Generated by org.testng.reporters.JUnitReportReporter -->
<testsuite hostname="DESKTOP-LR8LG19" failures="0" tests="1" name="com.BOOTCAMP2020.HomeDepot.HomeDepotTest" time="27.488" errors="0" timestamp="2020-03-20T18:35:36 EDT" skipped="0">
  <testcase classname="com.BOOTCAMP2020.HomeDepot.HomeDepotTest" name="f" time="27.488"/>
  <system-out/>
</testsuite> <!-- com.BOOTCAMP2020.HomeDepot.HomeDepotTest -->
