<?xml version="1.0" encoding="UTF-8"?>
<!-- Generated by org.testng.reporters.JUnitReportReporter -->
<testsuite hostname="DESKTOP-LR8LG19" failures="0" tests="1" name="com.BOOTCAMP2020.HomeDepot.RestAssured" time="3.295" errors="0" timestamp="2020-03-17T10:13:45 EDT" skipped="0">
  <testcase classname="com.BOOTCAMP2020.HomeDepot.RestAssured" name="f" time="3.295"/>
  <system-out/>
</testsuite> <!-- com.BOOTCAMP2020.HomeDepot.RestAssured -->
